{"/Users/decagon/Desktop/Nodejs-Test/src/app.js": {"path":"/Users/decagon/Desktop/Nodejs-Test/src/app.js","statementMap":{"0":{"start":{"line":9,"column":0},"end":{"line":9,"column":16}},"1":{"start":{"line":10,"column":0},"end":{"line":10,"column":12}},"2":{"start":{"line":12,"column":12},"end":{"line":12,"column":21}},"3":{"start":{"line":14,"column":0},"end":{"line":14,"column":16}},"4":{"start":{"line":15,"column":0},"end":{"line":15,"column":24}},"5":{"start":{"line":16,"column":0},"end":{"line":16,"column":16}},"6":{"start":{"line":19,"column":0},"end":{"line":19,"column":29}},"7":{"start":{"line":20,"column":0},"end":{"line":20,"column":29}}},"fnMap":{},"branchMap":{},"s":{"0":1,"1":1,"2":1,"3":1,"4":1,"5":1,"6":1,"7":1},"f":{},"b":{},"_coverageSchema":"1a1c01bbd47fc00a2c39e90264f33305004495a9","hash":"a8a0fc9d58d530cd75c114bc9a22ca410fe19410"}
,"/Users/decagon/Desktop/Nodejs-Test/src/Controllers/taskController.js": {"path":"/Users/decagon/Desktop/Nodejs-Test/src/Controllers/taskController.js","statementMap":{"0":{"start":{"line":4,"column":26},"end":{"line":28,"column":1}},"1":{"start":{"line":5,"column":2},"end":{"line":27,"column":3}},"2":{"start":{"line":6,"column":43},"end":{"line":6,"column":51}},"3":{"start":{"line":8,"column":4},"end":{"line":10,"column":5}},"4":{"start":{"line":9,"column":6},"end":{"line":9,"column":68}},"5":{"start":{"line":12,"column":4},"end":{"line":14,"column":5}},"6":{"start":{"line":13,"column":6},"end":{"line":13,"column":71}},"7":{"start":{"line":16,"column":17},"end":{"line":21,"column":6}},"8":{"start":{"line":23,"column":4},"end":{"line":23,"column":80}},"9":{"start":{"line":25,"column":4},"end":{"line":25,"column":49}},"10":{"start":{"line":26,"column":4},"end":{"line":26,"column":70}},"11":{"start":{"line":30,"column":24},"end":{"line":44,"column":1}},"12":{"start":{"line":31,"column":2},"end":{"line":43,"column":3}},"13":{"start":{"line":32,"column":37},"end":{"line":32,"column":46}},"14":{"start":{"line":33,"column":18},"end":{"line":35,"column":27}},"15":{"start":{"line":37,"column":4},"end":{"line":39,"column":68}},"16":{"start":{"line":41,"column":4},"end":{"line":41,"column":50}},"17":{"start":{"line":42,"column":4},"end":{"line":42,"column":70}},"18":{"start":{"line":46,"column":27},"end":{"line":67,"column":1}},"19":{"start":{"line":47,"column":2},"end":{"line":66,"column":3}},"20":{"start":{"line":48,"column":19},"end":{"line":48,"column":29}},"21":{"start":{"line":50,"column":4},"end":{"line":52,"column":5}},"22":{"start":{"line":51,"column":6},"end":{"line":51,"column":66}},"23":{"start":{"line":54,"column":17},"end":{"line":54,"column":68}},"24":{"start":{"line":56,"column":4},"end":{"line":58,"column":5}},"25":{"start":{"line":57,"column":6},"end":{"line":57,"column":65}},"26":{"start":{"line":60,"column":4},"end":{"line":62,"column":62}},"27":{"start":{"line":64,"column":4},"end":{"line":64,"column":49}},"28":{"start":{"line":65,"column":4},"end":{"line":65,"column":70}},"29":{"start":{"line":69,"column":26},"end":{"line":100,"column":1}},"30":{"start":{"line":70,"column":2},"end":{"line":99,"column":3}},"31":{"start":{"line":71,"column":19},"end":{"line":71,"column":29}},"32":{"start":{"line":72,"column":43},"end":{"line":72,"column":51}},"33":{"start":{"line":74,"column":4},"end":{"line":76,"column":5}},"34":{"start":{"line":75,"column":6},"end":{"line":75,"column":66}},"35":{"start":{"line":78,"column":17},"end":{"line":78,"column":68}},"36":{"start":{"line":80,"column":4},"end":{"line":82,"column":5}},"37":{"start":{"line":81,"column":6},"end":{"line":81,"column":65}},"38":{"start":{"line":85,"column":4},"end":{"line":87,"column":5}},"39":{"start":{"line":86,"column":6},"end":{"line":86,"column":71}},"40":{"start":{"line":89,"column":4},"end":{"line":89,"column":37}},"41":{"start":{"line":90,"column":4},"end":{"line":90,"column":55}},"42":{"start":{"line":91,"column":4},"end":{"line":91,"column":40}},"43":{"start":{"line":93,"column":4},"end":{"line":93,"column":22}},"44":{"start":{"line":95,"column":4},"end":{"line":95,"column":80}},"45":{"start":{"line":97,"column":4},"end":{"line":97,"column":49}},"46":{"start":{"line":98,"column":4},"end":{"line":98,"column":70}},"47":{"start":{"line":102,"column":26},"end":{"line":121,"column":1}},"48":{"start":{"line":103,"column":2},"end":{"line":120,"column":3}},"49":{"start":{"line":104,"column":19},"end":{"line":104,"column":29}},"50":{"start":{"line":106,"column":4},"end":{"line":108,"column":5}},"51":{"start":{"line":107,"column":6},"end":{"line":107,"column":66}},"52":{"start":{"line":110,"column":17},"end":{"line":110,"column":77}},"53":{"start":{"line":112,"column":4},"end":{"line":114,"column":5}},"54":{"start":{"line":113,"column":6},"end":{"line":113,"column":65}},"55":{"start":{"line":116,"column":4},"end":{"line":116,"column":74}},"56":{"start":{"line":118,"column":4},"end":{"line":118,"column":49}},"57":{"start":{"line":119,"column":4},"end":{"line":119,"column":70}}},"fnMap":{"0":{"name":"(anonymous_0)","decl":{"start":{"line":4,"column":26},"end":{"line":4,"column":27}},"loc":{"start":{"line":4,"column":46},"end":{"line":28,"column":1}},"line":4},"1":{"name":"(anonymous_1)","decl":{"start":{"line":30,"column":24},"end":{"line":30,"column":25}},"loc":{"start":{"line":30,"column":44},"end":{"line":44,"column":1}},"line":30},"2":{"name":"(anonymous_2)","decl":{"start":{"line":46,"column":27},"end":{"line":46,"column":28}},"loc":{"start":{"line":46,"column":47},"end":{"line":67,"column":1}},"line":46},"3":{"name":"(anonymous_3)","decl":{"start":{"line":69,"column":26},"end":{"line":69,"column":27}},"loc":{"start":{"line":69,"column":46},"end":{"line":100,"column":1}},"line":69},"4":{"name":"(anonymous_4)","decl":{"start":{"line":102,"column":26},"end":{"line":102,"column":27}},"loc":{"start":{"line":102,"column":46},"end":{"line":121,"column":1}},"line":102}},"branchMap":{"0":{"loc":{"start":{"line":8,"column":4},"end":{"line":10,"column":5}},"type":"if","locations":[{"start":{"line":8,"column":4},"end":{"line":10,"column":5}},{"start":{},"end":{}}],"line":8},"1":{"loc":{"start":{"line":12,"column":4},"end":{"line":14,"column":5}},"type":"if","locations":[{"start":{"line":12,"column":4},"end":{"line":14,"column":5}},{"start":{},"end":{}}],"line":12},"2":{"loc":{"start":{"line":12,"column":8},"end":{"line":12,"column":75}},"type":"binary-expr","locations":[{"start":{"line":12,"column":8},"end":{"line":12,"column":14}},{"start":{"line":12,"column":18},"end":{"line":12,"column":75}}],"line":12},"3":{"loc":{"start":{"line":32,"column":12},"end":{"line":32,"column":20}},"type":"default-arg","locations":[{"start":{"line":32,"column":19},"end":{"line":32,"column":20}}],"line":32},"4":{"loc":{"start":{"line":32,"column":22},"end":{"line":32,"column":32}},"type":"default-arg","locations":[{"start":{"line":32,"column":30},"end":{"line":32,"column":32}}],"line":32},"5":{"loc":{"start":{"line":50,"column":4},"end":{"line":52,"column":5}},"type":"if","locations":[{"start":{"line":50,"column":4},"end":{"line":52,"column":5}},{"start":{},"end":{}}],"line":50},"6":{"loc":{"start":{"line":56,"column":4},"end":{"line":58,"column":5}},"type":"if","locations":[{"start":{"line":56,"column":4},"end":{"line":58,"column":5}},{"start":{},"end":{}}],"line":56},"7":{"loc":{"start":{"line":74,"column":4},"end":{"line":76,"column":5}},"type":"if","locations":[{"start":{"line":74,"column":4},"end":{"line":76,"column":5}},{"start":{},"end":{}}],"line":74},"8":{"loc":{"start":{"line":80,"column":4},"end":{"line":82,"column":5}},"type":"if","locations":[{"start":{"line":80,"column":4},"end":{"line":82,"column":5}},{"start":{},"end":{}}],"line":80},"9":{"loc":{"start":{"line":85,"column":4},"end":{"line":87,"column":5}},"type":"if","locations":[{"start":{"line":85,"column":4},"end":{"line":87,"column":5}},{"start":{},"end":{}}],"line":85},"10":{"loc":{"start":{"line":85,"column":8},"end":{"line":85,"column":75}},"type":"binary-expr","locations":[{"start":{"line":85,"column":8},"end":{"line":85,"column":14}},{"start":{"line":85,"column":18},"end":{"line":85,"column":75}}],"line":85},"11":{"loc":{"start":{"line":89,"column":17},"end":{"line":89,"column":36}},"type":"binary-expr","locations":[{"start":{"line":89,"column":17},"end":{"line":89,"column":22}},{"start":{"line":89,"column":26},"end":{"line":89,"column":36}}],"line":89},"12":{"loc":{"start":{"line":90,"column":23},"end":{"line":90,"column":54}},"type":"binary-expr","locations":[{"start":{"line":90,"column":23},"end":{"line":90,"column":34}},{"start":{"line":90,"column":38},"end":{"line":90,"column":54}}],"line":90},"13":{"loc":{"start":{"line":91,"column":18},"end":{"line":91,"column":39}},"type":"binary-expr","locations":[{"start":{"line":91,"column":18},"end":{"line":91,"column":24}},{"start":{"line":91,"column":28},"end":{"line":91,"column":39}}],"line":91},"14":{"loc":{"start":{"line":106,"column":4},"end":{"line":108,"column":5}},"type":"if","locations":[{"start":{"line":106,"column":4},"end":{"line":108,"column":5}},{"start":{},"end":{}}],"line":106},"15":{"loc":{"start":{"line":112,"column":4},"end":{"line":114,"column":5}},"type":"if","locations":[{"start":{"line":112,"column":4},"end":{"line":114,"column":5}},{"start":{},"end":{}}],"line":112}},"s":{"0":1,"1":4,"2":4,"3":4,"4":1,"5":3,"6":1,"7":2,"8":1,"9":1,"10":1,"11":1,"12":2,"13":2,"14":2,"15":1,"16":1,"17":1,"18":1,"19":3,"20":3,"21":3,"22":1,"23":2,"24":2,"25":1,"26":1,"27":0,"28":0,"29":1,"30":3,"31":3,"32":3,"33":3,"34":0,"35":3,"36":3,"37":1,"38":2,"39":1,"40":1,"41":1,"42":1,"43":1,"44":1,"45":0,"46":0,"47":1,"48":3,"49":3,"50":3,"51":1,"52":2,"53":2,"54":1,"55":1,"56":0,"57":0},"f":{"0":4,"1":2,"2":3,"3":3,"4":3},"b":{"0":[1,3],"1":[1,2],"2":[3,3],"3":[2],"4":[2],"5":[1,2],"6":[1,1],"7":[0,3],"8":[1,2],"9":[1,1],"10":[2,2],"11":[1,1],"12":[1,1],"13":[1,0],"14":[1,2],"15":[1,1]},"_coverageSchema":"1a1c01bbd47fc00a2c39e90264f33305004495a9","hash":"b796b1193e11ccbd54dc95251c1db57bacb85e3e"}
,"/Users/decagon/Desktop/Nodejs-Test/src/Controllers/userController.js": {"path":"/Users/decagon/Desktop/Nodejs-Test/src/Controllers/userController.js","statementMap":{"0":{"start":{"line":4,"column":22},"end":{"line":6,"column":1}},"1":{"start":{"line":5,"column":2},"end":{"line":5,"column":79}},"2":{"start":{"line":8,"column":28},"end":{"line":33,"column":1}},"3":{"start":{"line":9,"column":2},"end":{"line":32,"column":3}},"4":{"start":{"line":10,"column":38},"end":{"line":10,"column":46}},"5":{"start":{"line":12,"column":4},"end":{"line":14,"column":5}},"6":{"start":{"line":13,"column":6},"end":{"line":13,"column":74}},"7":{"start":{"line":16,"column":23},"end":{"line":16,"column":52}},"8":{"start":{"line":18,"column":4},"end":{"line":20,"column":5}},"9":{"start":{"line":19,"column":6},"end":{"line":19,"column":70}},"10":{"start":{"line":22,"column":20},"end":{"line":22,"column":64}},"11":{"start":{"line":24,"column":4},"end":{"line":29,"column":7}},"12":{"start":{"line":31,"column":4},"end":{"line":31,"column":64}},"13":{"start":{"line":35,"column":25},"end":{"line":60,"column":1}},"14":{"start":{"line":36,"column":2},"end":{"line":59,"column":3}},"15":{"start":{"line":37,"column":32},"end":{"line":37,"column":40}},"16":{"start":{"line":39,"column":4},"end":{"line":43,"column":5}},"17":{"start":{"line":40,"column":6},"end":{"line":42,"column":62}},"18":{"start":{"line":45,"column":17},"end":{"line":45,"column":46}},"19":{"start":{"line":47,"column":4},"end":{"line":56,"column":5}},"20":{"start":{"line":48,"column":6},"end":{"line":53,"column":9}},"21":{"start":{"line":55,"column":6},"end":{"line":55,"column":69}},"22":{"start":{"line":58,"column":4},"end":{"line":58,"column":58}}},"fnMap":{"0":{"name":"(anonymous_0)","decl":{"start":{"line":4,"column":22},"end":{"line":4,"column":23}},"loc":{"start":{"line":4,"column":34},"end":{"line":6,"column":1}},"line":4},"1":{"name":"(anonymous_1)","decl":{"start":{"line":8,"column":28},"end":{"line":8,"column":29}},"loc":{"start":{"line":8,"column":48},"end":{"line":33,"column":1}},"line":8},"2":{"name":"(anonymous_2)","decl":{"start":{"line":35,"column":25},"end":{"line":35,"column":26}},"loc":{"start":{"line":35,"column":45},"end":{"line":60,"column":1}},"line":35}},"branchMap":{"0":{"loc":{"start":{"line":12,"column":4},"end":{"line":14,"column":5}},"type":"if","locations":[{"start":{"line":12,"column":4},"end":{"line":14,"column":5}},{"start":{},"end":{}}],"line":12},"1":{"loc":{"start":{"line":12,"column":8},"end":{"line":12,"column":36}},"type":"binary-expr","locations":[{"start":{"line":12,"column":8},"end":{"line":12,"column":13}},{"start":{"line":12,"column":17},"end":{"line":12,"column":23}},{"start":{"line":12,"column":27},"end":{"line":12,"column":36}}],"line":12},"2":{"loc":{"start":{"line":18,"column":4},"end":{"line":20,"column":5}},"type":"if","locations":[{"start":{"line":18,"column":4},"end":{"line":20,"column":5}},{"start":{},"end":{}}],"line":18},"3":{"loc":{"start":{"line":39,"column":4},"end":{"line":43,"column":5}},"type":"if","locations":[{"start":{"line":39,"column":4},"end":{"line":43,"column":5}},{"start":{},"end":{}}],"line":39},"4":{"loc":{"start":{"line":39,"column":8},"end":{"line":39,"column":27}},"type":"binary-expr","locations":[{"start":{"line":39,"column":8},"end":{"line":39,"column":14}},{"start":{"line":39,"column":18},"end":{"line":39,"column":27}}],"line":39},"5":{"loc":{"start":{"line":47,"column":4},"end":{"line":56,"column":5}},"type":"if","locations":[{"start":{"line":47,"column":4},"end":{"line":56,"column":5}},{"start":{"line":54,"column":11},"end":{"line":56,"column":5}}],"line":47},"6":{"loc":{"start":{"line":47,"column":8},"end":{"line":47,"column":52}},"type":"binary-expr","locations":[{"start":{"line":47,"column":8},"end":{"line":47,"column":12}},{"start":{"line":47,"column":17},"end":{"line":47,"column":51}}],"line":47}},"s":{"0":1,"1":0,"2":1,"3":0,"4":0,"5":0,"6":0,"7":0,"8":0,"9":0,"10":0,"11":0,"12":0,"13":1,"14":0,"15":0,"16":0,"17":0,"18":0,"19":0,"20":0,"21":0,"22":0},"f":{"0":0,"1":0,"2":0},"b":{"0":[0,0],"1":[0,0,0],"2":[0,0],"3":[0,0],"4":[0,0],"5":[0,0],"6":[0,0]},"_coverageSchema":"1a1c01bbd47fc00a2c39e90264f33305004495a9","hash":"0feac306d8106f4bdc8c03d4ce138e901e34dc3a"}
,"/Users/decagon/Desktop/Nodejs-Test/src/Middleware/authMiddleware.js": {"path":"/Users/decagon/Desktop/Nodejs-Test/src/Middleware/authMiddleware.js","statementMap":{"0":{"start":{"line":4,"column":32},"end":{"line":26,"column":1}},"1":{"start":{"line":5,"column":14},"end":{"line":5,"column":39}},"2":{"start":{"line":7,"column":2},"end":{"line":25,"column":3}},"3":{"start":{"line":8,"column":4},"end":{"line":22,"column":5}},"4":{"start":{"line":9,"column":6},"end":{"line":9,"column":34}},"5":{"start":{"line":11,"column":22},"end":{"line":11,"column":63}},"6":{"start":{"line":13,"column":6},"end":{"line":13,"column":69}},"7":{"start":{"line":15,"column":6},"end":{"line":17,"column":7}},"8":{"start":{"line":16,"column":8},"end":{"line":16,"column":67}},"9":{"start":{"line":19,"column":6},"end":{"line":19,"column":13}},"10":{"start":{"line":21,"column":6},"end":{"line":21,"column":64}},"11":{"start":{"line":24,"column":4},"end":{"line":24,"column":61}}},"fnMap":{"0":{"name":"(anonymous_0)","decl":{"start":{"line":4,"column":32},"end":{"line":4,"column":33}},"loc":{"start":{"line":4,"column":58},"end":{"line":26,"column":1}},"line":4}},"branchMap":{"0":{"loc":{"start":{"line":7,"column":2},"end":{"line":25,"column":3}},"type":"if","locations":[{"start":{"line":7,"column":2},"end":{"line":25,"column":3}},{"start":{"line":23,"column":9},"end":{"line":25,"column":3}}],"line":7},"1":{"loc":{"start":{"line":7,"column":6},"end":{"line":7,"column":42}},"type":"binary-expr","locations":[{"start":{"line":7,"column":6},"end":{"line":7,"column":11}},{"start":{"line":7,"column":15},"end":{"line":7,"column":42}}],"line":7},"2":{"loc":{"start":{"line":15,"column":6},"end":{"line":17,"column":7}},"type":"if","locations":[{"start":{"line":15,"column":6},"end":{"line":17,"column":7}},{"start":{},"end":{}}],"line":15}},"s":{"0":1,"1":17,"2":17,"3":16,"4":16,"5":16,"6":15,"7":15,"8":0,"9":15,"10":1,"11":1},"f":{"0":17},"b":{"0":[16,1],"1":[17,16],"2":[0,15]},"_coverageSchema":"1a1c01bbd47fc00a2c39e90264f33305004495a9","hash":"58df8f23c332a25dae2bb738fed46cd6fbf29cc3"}
,"/Users/decagon/Desktop/Nodejs-Test/src/Middleware/logger.js": {"path":"/Users/decagon/Desktop/Nodejs-Test/src/Middleware/logger.js","statementMap":{"0":{"start":{"line":1,"column":22},"end":{"line":4,"column":1}},"1":{"start":{"line":2,"column":2},"end":{"line":2,"column":72}},"2":{"start":{"line":3,"column":2},"end":{"line":3,"column":9}}},"fnMap":{"0":{"name":"(anonymous_0)","decl":{"start":{"line":1,"column":22},"end":{"line":1,"column":23}},"loc":{"start":{"line":1,"column":42},"end":{"line":4,"column":1}},"line":1}},"branchMap":{},"s":{"0":1,"1":17,"2":17},"f":{"0":17},"b":{},"_coverageSchema":"1a1c01bbd47fc00a2c39e90264f33305004495a9","hash":"3026fc2cad009971e6f2a9d7588b88c111d00132"}
,"/Users/decagon/Desktop/Nodejs-Test/src/Models/taskModel.js": {"path":"/Users/decagon/Desktop/Nodejs-Test/src/Models/taskModel.js","statementMap":{"0":{"start":{"line":3,"column":19},"end":{"line":24,"column":1}},"1":{"start":{"line":26,"column":20},"end":{"line":26,"column":54}}},"fnMap":{},"branchMap":{},"s":{"0":1,"1":1},"f":{},"b":{},"_coverageSchema":"1a1c01bbd47fc00a2c39e90264f33305004495a9","hash":"0a1eea523c55d0608d2ff3f16991924bfb314795"}
,"/Users/decagon/Desktop/Nodejs-Test/src/Models/userModel.js": {"path":"/Users/decagon/Desktop/Nodejs-Test/src/Models/userModel.js","statementMap":{"0":{"start":{"line":4,"column":19},"end":{"line":21,"column":1}},"1":{"start":{"line":23,"column":0},"end":{"line":28,"column":3}},"2":{"start":{"line":24,"column":2},"end":{"line":24,"column":50}},"3":{"start":{"line":24,"column":36},"end":{"line":24,"column":50}},"4":{"start":{"line":25,"column":15},"end":{"line":25,"column":39}},"5":{"start":{"line":26,"column":2},"end":{"line":26,"column":57}},"6":{"start":{"line":27,"column":2},"end":{"line":27,"column":9}},"7":{"start":{"line":30,"column":0},"end":{"line":32,"column":2}},"8":{"start":{"line":31,"column":2},"end":{"line":31,"column":62}},"9":{"start":{"line":34,"column":20},"end":{"line":34,"column":54}}},"fnMap":{"0":{"name":"(anonymous_0)","decl":{"start":{"line":23,"column":23},"end":{"line":23,"column":24}},"loc":{"start":{"line":23,"column":45},"end":{"line":28,"column":1}},"line":23},"1":{"name":"(anonymous_1)","decl":{"start":{"line":30,"column":35},"end":{"line":30,"column":36}},"loc":{"start":{"line":30,"column":68},"end":{"line":32,"column":1}},"line":30}},"branchMap":{"0":{"loc":{"start":{"line":24,"column":2},"end":{"line":24,"column":50}},"type":"if","locations":[{"start":{"line":24,"column":2},"end":{"line":24,"column":50}},{"start":{},"end":{}}],"line":24}},"s":{"0":1,"1":1,"2":0,"3":0,"4":0,"5":0,"6":0,"7":1,"8":0,"9":1},"f":{"0":0,"1":0},"b":{"0":[0,0]},"_coverageSchema":"1a1c01bbd47fc00a2c39e90264f33305004495a9","hash":"cf885b0858f53ed002790b51986de928752803ef"}
,"/Users/decagon/Desktop/Nodejs-Test/src/Routes/taskRoute.js": {"path":"/Users/decagon/Desktop/Nodejs-Test/src/Routes/taskRoute.js","statementMap":{"0":{"start":{"line":11,"column":15},"end":{"line":11,"column":31}},"1":{"start":{"line":13,"column":0},"end":{"line":13,"column":47}},"2":{"start":{"line":14,"column":0},"end":{"line":14,"column":44}},"3":{"start":{"line":15,"column":0},"end":{"line":15,"column":50}},"4":{"start":{"line":16,"column":0},"end":{"line":16,"column":51}},"5":{"start":{"line":17,"column":0},"end":{"line":17,"column":52}}},"fnMap":{},"branchMap":{},"s":{"0":1,"1":1,"2":1,"3":1,"4":1,"5":1},"f":{},"b":{},"_coverageSchema":"1a1c01bbd47fc00a2c39e90264f33305004495a9","hash":"84544555b344eba869ad724461263573624e189d"}
,"/Users/decagon/Desktop/Nodejs-Test/src/Routes/userRoute.js": {"path":"/Users/decagon/Desktop/Nodejs-Test/src/Routes/userRoute.js","statementMap":{"0":{"start":{"line":4,"column":15},"end":{"line":4,"column":31}},"1":{"start":{"line":6,"column":0},"end":{"line":6,"column":39}},"2":{"start":{"line":7,"column":0},"end":{"line":7,"column":33}}},"fnMap":{},"branchMap":{},"s":{"0":1,"1":1,"2":1},"f":{},"b":{},"_coverageSchema":"1a1c01bbd47fc00a2c39e90264f33305004495a9","hash":"945c50a814bc97638b484853fbd2fedec923f0fd"}
,"/Users/decagon/Desktop/Nodejs-Test/src/config/db.js": {"path":"/Users/decagon/Desktop/Nodejs-Test/src/config/db.js","statementMap":{"0":{"start":{"line":3,"column":25},"end":{"line":10,"column":1}},"1":{"start":{"line":4,"column":2},"end":{"line":9,"column":3}},"2":{"start":{"line":5,"column":17},"end":{"line":5,"column":62}},"3":{"start":{"line":6,"column":4},"end":{"line":6,"column":62}},"4":{"start":{"line":8,"column":4},"end":{"line":8,"column":65}}},"fnMap":{"0":{"name":"(anonymous_0)","decl":{"start":{"line":3,"column":25},"end":{"line":3,"column":26}},"loc":{"start":{"line":3,"column":37},"end":{"line":10,"column":1}},"line":3}},"branchMap":{},"s":{"0":1,"1":1,"2":1,"3":1,"4":0},"f":{"0":1},"b":{},"_coverageSchema":"1a1c01bbd47fc00a2c39e90264f33305004495a9","hash":"25201c036069c6d5eca3cb0043d36ab87d420e3a"}
}
