TN:
SF:src/app.js
FNF:0
FNH:0
DA:9,1
DA:10,1
DA:12,1
DA:14,1
DA:15,1
DA:16,1
DA:19,1
DA:20,1
LF:8
LH:8
BRF:0
BRH:0
end_of_record
TN:
SF:src/Controllers/taskController.js
FN:4,(anonymous_0)
FN:30,(anonymous_1)
FN:46,(anonymous_2)
FN:69,(anonymous_3)
FN:102,(anonymous_4)
FNF:5
FNH:5
FNDA:4,(anonymous_0)
FNDA:2,(anonymous_1)
FNDA:3,(anonymous_2)
FNDA:3,(anonymous_3)
FNDA:3,(anonymous_4)
DA:4,1
DA:5,4
DA:6,4
DA:8,4
DA:9,1
DA:12,3
DA:13,1
DA:16,2
DA:23,1
DA:25,1
DA:26,1
DA:30,1
DA:31,2
DA:32,2
DA:33,2
DA:37,1
DA:41,1
DA:42,1
DA:46,1
DA:47,3
DA:48,3
DA:50,3
DA:51,1
DA:54,2
DA:56,2
DA:57,1
DA:60,1
DA:64,0
DA:65,0
DA:69,1
DA:70,3
DA:71,3
DA:72,3
DA:74,3
DA:75,0
DA:78,3
DA:80,3
DA:81,1
DA:85,2
DA:86,1
DA:89,1
DA:90,1
DA:91,1
DA:93,1
DA:95,1
DA:97,0
DA:98,0
DA:102,1
DA:103,3
DA:104,3
DA:106,3
DA:107,1
DA:110,2
DA:112,2
DA:113,1
DA:116,1
DA:118,0
DA:119,0
LF:58
LH:51
BRDA:8,0,0,1
BRDA:8,0,1,3
BRDA:12,1,0,1
BRDA:12,1,1,2
BRDA:12,2,0,3
BRDA:12,2,1,3
BRDA:32,3,0,2
BRDA:32,4,0,2
BRDA:50,5,0,1
BRDA:50,5,1,2
BRDA:56,6,0,1
BRDA:56,6,1,1
BRDA:74,7,0,0
BRDA:74,7,1,3
BRDA:80,8,0,1
BRDA:80,8,1,2
BRDA:85,9,0,1
BRDA:85,9,1,1
BRDA:85,10,0,2
BRDA:85,10,1,2
BRDA:89,11,0,1
BRDA:89,11,1,1
BRDA:90,12,0,1
BRDA:90,12,1,1
BRDA:91,13,0,1
BRDA:91,13,1,0
BRDA:106,14,0,1
BRDA:106,14,1,2
BRDA:112,15,0,1
BRDA:112,15,1,1
BRF:30
BRH:28
end_of_record
TN:
SF:src/Controllers/userController.js
FN:4,(anonymous_0)
FN:8,(anonymous_1)
FN:35,(anonymous_2)
FNF:3
FNH:0
FNDA:0,(anonymous_0)
FNDA:0,(anonymous_1)
FNDA:0,(anonymous_2)
DA:4,1
DA:5,0
DA:8,1
DA:9,0
DA:10,0
DA:12,0
DA:13,0
DA:16,0
DA:18,0
DA:19,0
DA:22,0
DA:24,0
DA:31,0
DA:35,1
DA:36,0
DA:37,0
DA:39,0
DA:40,0
DA:45,0
DA:47,0
DA:48,0
DA:55,0
DA:58,0
LF:23
LH:3
BRDA:12,0,0,0
BRDA:12,0,1,0
BRDA:12,1,0,0
BRDA:12,1,1,0
BRDA:12,1,2,0
BRDA:18,2,0,0
BRDA:18,2,1,0
BRDA:39,3,0,0
BRDA:39,3,1,0
BRDA:39,4,0,0
BRDA:39,4,1,0
BRDA:47,5,0,0
BRDA:47,5,1,0
BRDA:47,6,0,0
BRDA:47,6,1,0
BRF:15
BRH:0
end_of_record
TN:
SF:src/Middleware/authMiddleware.js
FN:4,(anonymous_0)
FNF:1
FNH:1
FNDA:17,(anonymous_0)
DA:4,1
DA:5,17
DA:7,17
DA:8,16
DA:9,16
DA:11,16
DA:13,15
DA:15,15
DA:16,0
DA:19,15
DA:21,1
DA:24,1
LF:12
LH:11
BRDA:7,0,0,16
BRDA:7,0,1,1
BRDA:7,1,0,17
BRDA:7,1,1,16
BRDA:15,2,0,0
BRDA:15,2,1,15
BRF:6
BRH:5
end_of_record
TN:
SF:src/Middleware/logger.js
FN:1,(anonymous_0)
FNF:1
FNH:1
FNDA:17,(anonymous_0)
DA:1,1
DA:2,17
DA:3,17
LF:3
LH:3
BRF:0
BRH:0
end_of_record
TN:
SF:src/Models/taskModel.js
FNF:0
FNH:0
DA:3,1
DA:26,1
LF:2
LH:2
BRF:0
BRH:0
end_of_record
TN:
SF:src/Models/userModel.js
FN:23,(anonymous_0)
FN:30,(anonymous_1)
FNF:2
FNH:0
FNDA:0,(anonymous_0)
FNDA:0,(anonymous_1)
DA:4,1
DA:23,1
DA:24,0
DA:25,0
DA:26,0
DA:27,0
DA:30,1
DA:31,0
DA:34,1
LF:9
LH:4
BRDA:24,0,0,0
BRDA:24,0,1,0
BRF:2
BRH:0
end_of_record
TN:
SF:src/Routes/taskRoute.js
FNF:0
FNH:0
DA:11,1
DA:13,1
DA:14,1
DA:15,1
DA:16,1
DA:17,1
LF:6
LH:6
BRF:0
BRH:0
end_of_record
TN:
SF:src/Routes/userRoute.js
FNF:0
FNH:0
DA:4,1
DA:6,1
DA:7,1
LF:3
LH:3
BRF:0
BRH:0
end_of_record
TN:
SF:src/config/db.js
FN:3,(anonymous_0)
FNF:1
FNH:1
FNDA:1,(anonymous_0)
DA:3,1
DA:4,1
DA:5,1
DA:6,1
DA:8,0
LF:5
LH:4
BRF:0
BRH:0
end_of_record
